app/manifest-merger-release-report.txt
-- Merging decision tree log ---
manifest
ADDED from AndroidManifest.xml:2:1
	xmlns:android
		ADDED from AndroidManifest.xml:2:11
	package
		ADDED from AndroidManifest.xml:3:5
		INJECTED from AndroidManifest.xml:0:0
		INJECTED from AndroidManifest.xml:0:0
	android:versionName
		ADDED from AndroidManifest.xml:5:5
		INJECTED from AndroidManifest.xml:0:0
		INJECTED from AndroidManifest.xml:0:0
	android:versionCode
		ADDED from AndroidManifest.xml:4:5
		INJECTED from AndroidManifest.xml:0:0
		INJECTED from AndroidManifest.xml:0:0
uses-sdk
ADDED from AndroidManifest.xml:7:5
MERGED from com.android.support:support-v4:21.0.3:15:5
MERGED from com.actionbarsherlock:actionbarsherlock:4.4.0:3:3
	android:targetSdkVersion
		ADDED from AndroidManifest.xml:9:9
		INJECTED from AndroidManifest.xml:0:0
		INJECTED from AndroidManifest.xml:0:0
	android:minSdkVersion
		ADDED from AndroidManifest.xml:8:9
		INJECTED from AndroidManifest.xml:0:0
		INJECTED from AndroidManifest.xml:0:0
supports-screens
ADDED from AndroidManifest.xml:11:5
	android:largeScreens
		ADDED from AndroidManifest.xml:14:3
	android:anyDensity
		ADDED from AndroidManifest.xml:16:3
	android:normalScreens
		ADDED from AndroidManifest.xml:13:3
	android:xlargeScreens
		ADDED from AndroidManifest.xml:15:3
	android:smallScreens
		ADDED from AndroidManifest.xml:12:3
uses-permission#android.permission.INTERNET
ADDED from AndroidManifest.xml:18:2
	android:name
		ADDED from AndroidManifest.xml:18:19
uses-permission#android.permission.ACCESS_NETWORK_STATE
ADDED from AndroidManifest.xml:19:2
	android:name
		ADDED from AndroidManifest.xml:19:19
application
ADDED from AndroidManifest.xml:21:5
MERGED from com.android.support:support-v4:21.0.3:16:5
MERGED from com.actionbarsherlock:actionbarsherlock:4.4.0:4:3
	android:label
		ADDED from AndroidManifest.xml:24:9
	android:allowBackup
		ADDED from AndroidManifest.xml:26:9
	android:icon
		ADDED from AndroidManifest.xml:23:9
	android:theme
		ADDED from AndroidManifest.xml:25:9
	android:name
		ADDED from AndroidManifest.xml:22:9
activity#com.limewoodmedia.nsdroid.activities.NSDroid
ADDED from AndroidManifest.xml:29:9
	android:label
		ADDED from AndroidManifest.xml:31:13
	android:configChanges
		ADDED from AndroidManifest.xml:33:10
	android:theme
		ADDED from AndroidManifest.xml:32:10
	android:name
		ADDED from AndroidManifest.xml:30:13
intent-filter#android.intent.action.MAIN+android.intent.category.LAUNCHER
ADDED from AndroidManifest.xml:34:13
action#android.intent.action.MAIN
ADDED from AndroidManifest.xml:35:17
	android:name
		ADDED from AndroidManifest.xml:35:25
category#android.intent.category.LAUNCHER
ADDED from AndroidManifest.xml:36:17
	android:name
		ADDED from AndroidManifest.xml:36:27
activity#com.limewoodmedia.nsdroid.activities.Nation
ADDED from AndroidManifest.xml:40:9
	android:label
		ADDED from AndroidManifest.xml:42:13
	android:theme
		ADDED from AndroidManifest.xml:44:10
	android:exported
		ADDED from AndroidManifest.xml:43:13
	android:name
		ADDED from AndroidManifest.xml:41:13
intent-filter#android.intent.action.VIEW+android.intent.category.DEFAULT
ADDED from AndroidManifest.xml:45:13
category#android.intent.category.DEFAULT
ADDED from AndroidManifest.xml:46:17
	android:name
		ADDED from AndroidManifest.xml:46:27
action#android.intent.action.VIEW
ADDED from AndroidManifest.xml:47:17
	android:name
		ADDED from AndroidManifest.xml:47:25
data
ADDED from AndroidManifest.xml:48:17
	android:scheme
		ADDED from AndroidManifest.xml:48:23
activity#com.limewoodmedia.nsdroid.activities.Region
ADDED from AndroidManifest.xml:52:9
	android:label
		ADDED from AndroidManifest.xml:54:13
	android:theme
		ADDED from AndroidManifest.xml:56:10
	android:exported
		ADDED from AndroidManifest.xml:55:13
	android:name
		ADDED from AndroidManifest.xml:53:5
activity#com.limewoodmedia.nsdroid.activities.Welcome
ADDED from AndroidManifest.xml:66:9
	android:noHistory
		ADDED from AndroidManifest.xml:70:13
	android:label
		ADDED from AndroidManifest.xml:68:13
	android:theme
		ADDED from AndroidManifest.xml:71:10
	android:excludeFromRecents
		ADDED from AndroidManifest.xml:69:13
	android:name
		ADDED from AndroidManifest.xml:67:5
activity#com.limewoodmedia.nsdroid.activities.RMB
ADDED from AndroidManifest.xml:74:9
	android:label
		ADDED from AndroidManifest.xml:76:13
	android:theme
		ADDED from AndroidManifest.xml:78:10
	android:exported
		ADDED from AndroidManifest.xml:77:13
	android:name
		ADDED from AndroidManifest.xml:75:5
activity#com.limewoodmedia.nsdroid.activities.Issues
ADDED from AndroidManifest.xml:81:9
	android:label
		ADDED from AndroidManifest.xml:83:13
	android:theme
		ADDED from AndroidManifest.xml:84:10
	android:name
		ADDED from AndroidManifest.xml:82:5
activity#com.limewoodmedia.nsdroid.activities.IssueDetail
ADDED from AndroidManifest.xml:87:9
	android:label
		ADDED from AndroidManifest.xml:89:13
	android:theme
		ADDED from AndroidManifest.xml:91:10
	android:exported
		ADDED from AndroidManifest.xml:90:13
	android:name
		ADDED from AndroidManifest.xml:88:5
activity#com.limewoodmedia.nsdroid.activities.Embassies
ADDED from AndroidManifest.xml:99:9
	android:label
		ADDED from AndroidManifest.xml:101:13
	android:theme
		ADDED from AndroidManifest.xml:103:10
	android:exported
		ADDED from AndroidManifest.xml:102:13
	android:name
		ADDED from AndroidManifest.xml:100:5
activity#com.limewoodmedia.nsdroid.activities.Dossier
ADDED from AndroidManifest.xml:106:9
	android:label
		ADDED from AndroidManifest.xml:108:13
	android:theme
		ADDED from AndroidManifest.xml:109:10
	android:name
		ADDED from AndroidManifest.xml:107:5
activity#com.limewoodmedia.nsdroid.activities.Preferences
ADDED from AndroidManifest.xml:112:9
	android:label
		ADDED from AndroidManifest.xml:114:13
	android:theme
		ADDED from AndroidManifest.xml:115:10
	android:name
		ADDED from AndroidManifest.xml:113:13
activity#com.limewoodmedia.nsdroid.activities.NationsList
ADDED from AndroidManifest.xml:118:9
	android:label
		ADDED from AndroidManifest.xml:120:13
	android:theme
		ADDED from AndroidManifest.xml:121:10
	android:name
		ADDED from AndroidManifest.xml:119:13
receiver#com.limewoodmedia.nsdroid.receivers.UpdateReceiver
ADDED from AndroidManifest.xml:125:9
	android:name
		ADDED from AndroidManifest.xml:126:13
service#com.limewoodmedia.nsdroid.services.UpdateService
ADDED from AndroidManifest.xml:129:9
	android:name
		ADDED from AndroidManifest.xml:130:13